androidApp/build/intermediates/manifest_merge_blame_file/release/manifest-merger-blame-release-report.txt
1<?xml version="1.0" encoding="utf-8"?>
2<manifest xmlns:android="http://schemas.android.com/apk/res/android"
3    package="com.fivucsas.mobile"
4    android:versionCode="1"
5    android:versionName="1.0.0-MVP" >
6
7    <uses-sdk
8        android:minSdkVersion="24"
9        android:targetSdkVersion="34" />
10
11    <!-- Permissions -->
12    <uses-permission android:name="android.permission.CAMERA" />
12-->src\main\AndroidManifest.xml:5:5-65
12-->src\main\AndroidManifest.xml:5:22-62
13    <uses-permission android:name="android.permission.INTERNET" />
13-->src\main\AndroidManifest.xml:6:5-67
13-->src\main\AndroidManifest.xml:6:22-64
14
15    <!-- Features -->
16    <uses-feature
16-->src\main\AndroidManifest.xml:9:5-11:35
17        android:name="android.hardware.camera"
17-->src\main\AndroidManifest.xml:10:9-47
18        android:required="true" />
18-->src\main\AndroidManifest.xml:11:9-32
19    <uses-feature
19-->src\main\AndroidManifest.xml:12:5-14:36
20        android:name="android.hardware.camera.autofocus"
20-->src\main\AndroidManifest.xml:13:9-57
21        android:required="false" />
21-->src\main\AndroidManifest.xml:14:9-33
22    <uses-feature
22-->src\main\AndroidManifest.xml:15:5-17:36
23        android:name="android.hardware.camera.front"
23-->src\main\AndroidManifest.xml:16:9-53
24        android:required="false" />
24-->src\main\AndroidManifest.xml:17:9-33
25
26    <permission
26-->[androidx.core:core:1.12.0] AndroidManifest.xml:22:5-24:47
27        android:name="com.fivucsas.mobile.DYNAMIC_RECEIVER_NOT_EXPORTED_PERMISSION"
27-->[androidx.core:core:1.12.0] AndroidManifest.xml:23:9-81
28        android:protectionLevel="signature" />
28-->[androidx.core:core:1.12.0] AndroidManifest.xml:24:9-44
29
30    <uses-permission android:name="com.fivucsas.mobile.DYNAMIC_RECEIVER_NOT_EXPORTED_PERMISSION" />
30-->[androidx.core:core:1.12.0] AndroidManifest.xml:26:5-97
30-->[androidx.core:core:1.12.0] AndroidManifest.xml:26:22-94
31
32    <application
32-->src\main\AndroidManifest.xml:19:5-37:19
33        android:name="com.fivucsas.mobile.android.FIVUCSASApplication"
33-->src\main\AndroidManifest.xml:20:9-44
34        android:allowBackup="true"
34-->src\main\AndroidManifest.xml:21:9-35
35        android:appComponentFactory="androidx.core.app.CoreComponentFactory"
35-->[androidx.core:core:1.12.0] AndroidManifest.xml:28:18-86
36        android:extractNativeLibs="false"
37        android:label="FIVUCSAS"
37-->src\main\AndroidManifest.xml:22:9-33
38        android:supportsRtl="true"
38-->src\main\AndroidManifest.xml:23:9-35
39        android:theme="@android:style/Theme.Material.Light.NoActionBar"
39-->src\main\AndroidManifest.xml:24:9-72
40        android:usesCleartextTraffic="true" >
40-->src\main\AndroidManifest.xml:25:9-44
41        <activity
41-->src\main\AndroidManifest.xml:27:9-36:20
42            android:name="com.fivucsas.mobile.android.MainActivity"
42-->src\main\AndroidManifest.xml:28:13-41
43            android:configChanges="orientation|screenSize|screenLayout|keyboardHidden"
43-->src\main\AndroidManifest.xml:29:13-87
44            android:exported="true"
44-->src\main\AndroidManifest.xml:30:13-36
45            android:windowSoftInputMode="adjustResize" >
45-->src\main\AndroidManifest.xml:31:13-55
46            <intent-filter>
46-->src\main\AndroidManifest.xml:32:13-35:29
47                <action android:name="android.intent.action.MAIN" />
47-->src\main\AndroidManifest.xml:33:17-69
47-->src\main\AndroidManifest.xml:33:25-66
48
49                <category android:name="android.intent.category.LAUNCHER" />
49-->src\main\AndroidManifest.xml:34:17-77
49-->src\main\AndroidManifest.xml:34:27-74
50            </intent-filter>
51        </activity>
52
53        <service
53-->[androidx.camera:camera-camera2:1.3.0] AndroidManifest.xml:24:9-33:19
54            android:name="androidx.camera.core.impl.MetadataHolderService"
54-->[androidx.camera:camera-camera2:1.3.0] AndroidManifest.xml:25:13-75
55            android:enabled="false"
55-->[androidx.camera:camera-camera2:1.3.0] AndroidManifest.xml:26:13-36
56            android:exported="false" >
56-->[androidx.camera:camera-camera2:1.3.0] AndroidManifest.xml:27:13-37
57            <meta-data
57-->[androidx.camera:camera-camera2:1.3.0] AndroidManifest.xml:30:13-32:89
58                android:name="androidx.camera.core.impl.MetadataHolderService.DEFAULT_CONFIG_PROVIDER"
58-->[androidx.camera:camera-camera2:1.3.0] AndroidManifest.xml:31:17-103
59                android:value="androidx.camera.camera2.Camera2Config$DefaultProvider" />
59-->[androidx.camera:camera-camera2:1.3.0] AndroidManifest.xml:32:17-86
60        </service>
61
62        <provider
62-->[androidx.emoji2:emoji2:1.3.0] AndroidManifest.xml:24:9-32:20
63            android:name="androidx.startup.InitializationProvider"
63-->[androidx.emoji2:emoji2:1.3.0] AndroidManifest.xml:25:13-67
64            android:authorities="com.fivucsas.mobile.androidx-startup"
64-->[androidx.emoji2:emoji2:1.3.0] AndroidManifest.xml:26:13-68
65            android:exported="false" >
65-->[androidx.emoji2:emoji2:1.3.0] AndroidManifest.xml:27:13-37
66            <meta-data
66-->[androidx.emoji2:emoji2:1.3.0] AndroidManifest.xml:29:13-31:52
67                android:name="androidx.emoji2.text.EmojiCompatInitializer"
67-->[androidx.emoji2:emoji2:1.3.0] AndroidManifest.xml:30:17-75
68                android:value="androidx.startup" />
68-->[androidx.emoji2:emoji2:1.3.0] AndroidManifest.xml:31:17-49
69            <meta-data
69-->[androidx.lifecycle:lifecycle-process:2.6.2] AndroidManifest.xml:29:13-31:52
70                android:name="androidx.lifecycle.ProcessLifecycleInitializer"
70-->[androidx.lifecycle:lifecycle-process:2.6.2] AndroidManifest.xml:30:17-78
71                android:value="androidx.startup" />
71-->[androidx.lifecycle:lifecycle-process:2.6.2] AndroidManifest.xml:31:17-49
72            <meta-data
72-->[androidx.profileinstaller:profileinstaller:1.3.1] AndroidManifest.xml:29:13-31:52
73                android:name="androidx.profileinstaller.ProfileInstallerInitializer"
73-->[androidx.profileinstaller:profileinstaller:1.3.1] AndroidManifest.xml:30:17-85
74                android:value="androidx.startup" />
74-->[androidx.profileinstaller:profileinstaller:1.3.1] AndroidManifest.xml:31:17-49
75        </provider>
76
77        <receiver
77-->[androidx.profileinstaller:profileinstaller:1.3.1] AndroidManifest.xml:34:9-52:20
78            android:name="androidx.profileinstaller.ProfileInstallReceiver"
78-->[androidx.profileinstaller:profileinstaller:1.3.1] AndroidManifest.xml:35:13-76
79            android:directBootAware="false"
79-->[androidx.profileinstaller:profileinstaller:1.3.1] AndroidManifest.xml:36:13-44
80            android:enabled="true"
80-->[androidx.profileinstaller:profileinstaller:1.3.1] AndroidManifest.xml:37:13-35
81            android:exported="true"
81-->[androidx.profileinstaller:profileinstaller:1.3.1] AndroidManifest.xml:38:13-36
82            android:permission="android.permission.DUMP" >
82-->[androidx.profileinstaller:profileinstaller:1.3.1] AndroidManifest.xml:39:13-57
83            <intent-filter>
83-->[androidx.profileinstaller:profileinstaller:1.3.1] AndroidManifest.xml:40:13-42:29
84                <action android:name="androidx.profileinstaller.action.INSTALL_PROFILE" />
84-->[androidx.profileinstaller:profileinstaller:1.3.1] AndroidManifest.xml:41:17-91
84-->[androidx.profileinstaller:profileinstaller:1.3.1] AndroidManifest.xml:41:25-88
85            </intent-filter>
86            <intent-filter>
86-->[androidx.profileinstaller:profileinstaller:1.3.1] AndroidManifest.xml:43:13-45:29
87                <action android:name="androidx.profileinstaller.action.SKIP_FILE" />
87-->[androidx.profileinstaller:profileinstaller:1.3.1] AndroidManifest.xml:44:17-85
87-->[androidx.profileinstaller:profileinstaller:1.3.1] AndroidManifest.xml:44:25-82
88            </intent-filter>
89            <intent-filter>
89-->[androidx.profileinstaller:profileinstaller:1.3.1] AndroidManifest.xml:46:13-48:29
90                <action android:name="androidx.profileinstaller.action.SAVE_PROFILE" />
90-->[androidx.profileinstaller:profileinstaller:1.3.1] AndroidManifest.xml:47:17-88
90-->[androidx.profileinstaller:profileinstaller:1.3.1] AndroidManifest.xml:47:25-85
91            </intent-filter>
92            <intent-filter>
92-->[androidx.profileinstaller:profileinstaller:1.3.1] AndroidManifest.xml:49:13-51:29
93                <action android:name="androidx.profileinstaller.action.BENCHMARK_OPERATION" />
93-->[androidx.profileinstaller:profileinstaller:1.3.1] AndroidManifest.xml:50:17-95
93-->[androidx.profileinstaller:profileinstaller:1.3.1] AndroidManifest.xml:50:25-92
94            </intent-filter>
95        </receiver>
96    </application>
97
98</manifest>